<?xml version="1.0" encoding="UTF-8"?>
<testng-results ignored="0" total="2" passed="2" failed="0" skipped="0">
  <reporter-output>
  </reporter-output>
  <suite started-at="2025-02-20T12:36:21 IST" name="Suite" finished-at="2025-02-20T12:36:30 IST" duration-ms="9941">
    <groups>
    </groups>
    <test started-at="2025-02-20T12:36:21 IST" name="Login Test" finished-at="2025-02-20T12:36:30 IST" duration-ms="9941">
      <class name="tests.LoginTest">
        <test-method is-config="true" signature="beforeTest()[pri:0, instance:tests.LoginTest@32502377]" started-at="2025-02-20T12:36:21 IST" name="beforeTest" finished-at="2025-02-20T12:36:25 IST" duration-ms="4289" status="PASS">
          <reporter-output>
          </reporter-output>
        </test-method> <!-- beforeTest -->
        <test-method signature="invalidUserLogin()[pri:0, instance:tests.LoginTest@32502377]" started-at="2025-02-20T12:36:25 IST" name="invalidUserLogin" finished-at="2025-02-20T12:36:26 IST" duration-ms="744" status="PASS">
          <reporter-output>
          </reporter-output>
        </test-method> <!-- invalidUserLogin -->
        <test-method is-config="true" signature="afterTest()[pri:0, instance:tests.LoginTest@32502377]" started-at="2025-02-20T12:36:26 IST" name="afterTest" finished-at="2025-02-20T12:36:26 IST" duration-ms="608" status="PASS">
          <reporter-output>
          </reporter-output>
        </test-method> <!-- afterTest -->
        <test-method is-config="true" signature="beforeTest()[pri:0, instance:tests.LoginTest@32502377]" started-at="2025-02-20T12:36:26 IST" name="beforeTest" finished-at="2025-02-20T12:36:29 IST" duration-ms="2640" status="PASS">
          <reporter-output>
          </reporter-output>
        </test-method> <!-- beforeTest -->
        <test-method signature="validUserLogin()[pri:0, instance:tests.LoginTest@32502377]" started-at="2025-02-20T12:36:29 IST" name="validUserLogin" finished-at="2025-02-20T12:36:30 IST" duration-ms="1118" status="PASS">
          <reporter-output>
          </reporter-output>
        </test-method> <!-- validUserLogin -->
        <test-method is-config="true" signature="afterTest()[pri:0, instance:tests.LoginTest@32502377]" started-at="2025-02-20T12:36:30 IST" name="afterTest" finished-at="2025-02-20T12:36:30 IST" duration-ms="460" status="PASS">
          <reporter-output>
          </reporter-output>
        </test-method> <!-- afterTest -->
      </class> <!-- tests.LoginTest -->
    </test> <!-- Login Test -->
  </suite> <!-- Suite -->
</testng-results>
