<?xml version="1.0" encoding="UTF-8"?>
<testng-results ignored="1" total="2" passed="1" failed="0" skipped="0">
  <reporter-output>
  </reporter-output>
  <suite started-at="2025-02-22T11:26:27 IST" name="Default suite" finished-at="2025-02-22T11:26:32 IST" duration-ms="5512">
    <groups>
    </groups>
    <test started-at="2025-02-22T11:26:27 IST" name="Default test" finished-at="2025-02-22T11:26:32 IST" duration-ms="5512">
      <class name="tests.LoginTest">
        <test-method is-config="true" signature="beforeTest()[pri:0, instance:tests.LoginTest@53045c6c]" started-at="2025-02-22T11:26:27 IST" name="beforeTest" finished-at="2025-02-22T11:26:31 IST" duration-ms="4026" status="PASS">
          <reporter-output>
          </reporter-output>
        </test-method> <!-- beforeTest -->
        <test-method signature="validUserLogin()[pri:0, instance:tests.LoginTest@53045c6c]" started-at="2025-02-22T11:26:31 IST" name="validUserLogin" finished-at="2025-02-22T11:26:32 IST" duration-ms="1378" status="PASS">
          <reporter-output>
          </reporter-output>
        </test-method> <!-- validUserLogin -->
        <test-method is-config="true" signature="afterTest()[pri:0, instance:tests.LoginTest@53045c6c]" started-at="2025-02-22T11:26:32 IST" name="afterTest" finished-at="2025-02-22T11:26:32 IST" duration-ms="0" status="PASS">
          <reporter-output>
          </reporter-output>
        </test-method> <!-- afterTest -->
      </class> <!-- tests.LoginTest -->
    </test> <!-- Default test -->
  </suite> <!-- Default suite -->
</testng-results>
