<?xml version="1.0" encoding="UTF-8"?>
<!-- Generated by org.testng.reporters.JUnitXMLReporter -->
<testsuite ignored="0" hostname="Sunil-Desktop-CQB5LA7" failures="2" tests="2" name="Login Test" time="6.349" errors="0" timestamp="2025-02-22T11:25:43 IST">
  <testcase classname="tests.LoginTest" name="invalidUserLogin" time="0.021">
    <failure type="java.lang.NoSuchMethodError" message="org.testng.ITestResult.id()Ljava/lang/String;">
      <![CDATA[java.lang.NoSuchMethodError: org.testng.ITestResult.id()Ljava/lang/String;
at com.aventstack.chaintest.plugins.ChainTestListener.beforeInvocation(ChainTestListener.java:108)
at java.base/java.util.ArrayList.forEach(ArrayList.java:1541)
... Removed 24 stack frames]]>
    </failure>
  </testcase> <!-- invalidUserLogin -->
  <testcase classname="tests.LoginTest" name="validUserLogin" time="0.005">
    <failure type="java.lang.NoSuchMethodError" message="org.testng.ITestResult.id()Ljava/lang/String;">
      <![CDATA[java.lang.NoSuchMethodError: org.testng.ITestResult.id()Ljava/lang/String;
at com.aventstack.chaintest.plugins.ChainTestListener.beforeInvocation(ChainTestListener.java:108)
at java.base/java.util.ArrayList.forEach(ArrayList.java:1541)
... Removed 24 stack frames]]>
    </failure>
  </testcase> <!-- validUserLogin -->
</testsuite> <!-- Login Test -->
