<?xml version="1.0" encoding="UTF-8"?>
<!-- Generated by org.testng.reporters.JUnitXMLReporter -->
<testsuite ignored="1" hostname="Sunil-Desktop-CQB5LA7" failures="0" tests="1" name="Default test" time="7.89" errors="0" timestamp="2025-02-20T11:58:38 IST">
  <testcase classname="tests.LoginTest" name="validUserLogin" time="1.63"/>
  <testcase classname="tests.LoginTest" name="invalidUserLogin" time="0.0">
    <ignored/>
  </testcase> <!-- invalidUserLogin -->
</testsuite> <!-- Default test -->
