<?xml version="1.0" encoding="UTF-8"?>
<testng-results ignored="0" total="2" passed="2" failed="0" skipped="0">
  <reporter-output>
  </reporter-output>
  <suite started-at="2025-02-21T17:56:48 IST" name="Surefire suite" finished-at="2025-02-21T17:56:58 IST" duration-ms="9335">
    <groups>
    </groups>
    <test started-at="2025-02-21T17:56:48 IST" name="Surefire test" finished-at="2025-02-21T17:56:58 IST" duration-ms="9335">
      <class name="tests.LoginTest">
        <test-method is-config="true" signature="beforeTest()[pri:0, instance:tests.LoginTest@672872e1]" started-at="2025-02-21T17:56:48 IST" name="beforeTest" finished-at="2025-02-21T17:56:52 IST" duration-ms="3787" status="PASS">
          <reporter-output>
          </reporter-output>
        </test-method> <!-- beforeTest -->
        <test-method signature="invalidUserLogin()[pri:0, instance:tests.LoginTest@672872e1]" started-at="2025-02-21T17:56:52 IST" name="invalidUserLogin" finished-at="2025-02-21T17:56:53 IST" duration-ms="696" status="PASS">
          <reporter-output>
          </reporter-output>
        </test-method> <!-- invalidUserLogin -->
        <test-method is-config="true" signature="afterTest()[pri:0, instance:tests.LoginTest@672872e1]" started-at="2025-02-21T17:56:53 IST" name="afterTest" finished-at="2025-02-21T17:56:53 IST" duration-ms="374" status="PASS">
          <reporter-output>
          </reporter-output>
        </test-method> <!-- afterTest -->
        <test-method is-config="true" signature="beforeTest()[pri:0, instance:tests.LoginTest@672872e1]" started-at="2025-02-21T17:56:53 IST" name="beforeTest" finished-at="2025-02-21T17:56:56 IST" duration-ms="2823" status="PASS">
          <reporter-output>
          </reporter-output>
        </test-method> <!-- beforeTest -->
        <test-method signature="validUserLogin()[pri:0, instance:tests.LoginTest@672872e1]" started-at="2025-02-21T17:56:56 IST" name="validUserLogin" finished-at="2025-02-21T17:56:57 IST" duration-ms="1235" status="PASS">
          <reporter-output>
          </reporter-output>
        </test-method> <!-- validUserLogin -->
        <test-method is-config="true" signature="afterTest()[pri:0, instance:tests.LoginTest@672872e1]" started-at="2025-02-21T17:56:57 IST" name="afterTest" finished-at="2025-02-21T17:56:58 IST" duration-ms="347" status="PASS">
          <reporter-output>
          </reporter-output>
        </test-method> <!-- afterTest -->
      </class> <!-- tests.LoginTest -->
    </test> <!-- Surefire test -->
  </suite> <!-- Surefire suite -->
</testng-results>
